C:\Program Files\JetBrains\IntelliJ IDEA Community Edition 2025.2.3\plugins\maven\lib\maven3\bin\mvn.cmd -Didea.version=2025.2.3 -Dmaven.ext.class.path=C:\Program Files\JetBrains\IntelliJ IDEA Community Edition 2025.2.3\plugins\maven\lib\maven-event-listener.jar -Djansi.passthrough=true -Dstyle.color=always -Dmaven.repo.local=C:\Users\NEW LAP\.m2\repository test -f pom.xml
[INFO] Scanning for projects...
[WARNING] 
[WARNING] Some problems were encountered while building the effective model for com.cryptochecker:crypto-checker:jar:1.1
[WARNING] 'build.plugins.plugin.version' for org.apache.maven.plugins:maven-compiler-plugin is missing. @ line 41, column 17
[WARNING] 
[WARNING] It is highly recommended to fix these problems because they threaten the stability of your build.
[WARNING] 
[WARNING] For this reason, future Maven versions might no longer support building such malformed projects.
[WARNING] 
[INFO] 
[INFO] ------------------< com.cryptochecker:crypto-checker >------------------
[INFO] Building crypto-checker 1.1
[INFO]   from pom.xml
[INFO] --------------------------------[ jar ]---------------------------------
[INFO] 
[INFO] --- jacoco:0.8.7:prepare-agent (default) @ crypto-checker ---
[INFO] argLine set to "-javaagent:C:\\Users\\NEW LAP\\.m2\\repository\\org\\jacoco\\org.jacoco.agent\\0.8.7\\org.jacoco.agent-0.8.7-runtime.jar=destfile=D:\\Work\\Learning\\coourses\\Y4S1\\testing\\proj\\crypto-checker\\crypto-checker\\target\\jacoco.exec"
[INFO] 
[INFO] --- resources:3.3.1:resources (default-resources) @ crypto-checker ---
[INFO] Copying 1 resource from src\main\resources to target\classes
[INFO] 
[INFO] --- compiler:3.13.0:compile (default-compile) @ crypto-checker ---
[INFO] Nothing to compile - all classes are up to date.
[INFO] 
[INFO] --- resources:3.3.1:testResources (default-testResources) @ crypto-checker ---
[INFO] skip non existing resourceDirectory D:\Work\Learning\coourses\Y4S1\testing\proj\crypto-checker\crypto-checker\src\test\resources
[INFO] 
[INFO] --- compiler:3.13.0:testCompile (default-testCompile) @ crypto-checker ---
[INFO] Nothing to compile - all classes are up to date.
[INFO] 
[INFO] --- surefire:3.2.5:test (default-test) @ crypto-checker ---
[INFO] Using auto detected provider org.apache.maven.surefire.junit4.JUnit4Provider
[INFO] 
[INFO] -------------------------------------------------------
[INFO]  T E S T S
[INFO] -------------------------------------------------------
[INFO] Running com.cryptochecker.CoinDataWhiteBoxTest
Deserialized Data From C:\Users\NEW LAP/.crypto-checker/data.ser
Deserialized Data From C:\Users\NEW LAP/.crypto-checker/data.ser
Deserialized Data From C:\Users\NEW LAP/.crypto-checker/data.ser
Deserialized Data From C:\Users\NEW LAP/.crypto-checker/data.ser
Deserialized Data From C:\Users\NEW LAP/.crypto-checker/data.ser
Deserialized Data From C:\Users\NEW LAP/.crypto-checker/data.ser
Deserialized Data From C:\Users\NEW LAP/.crypto-checker/data.ser
Deserialized Data From C:\Users\NEW LAP/.crypto-checker/data.ser
Deserialized Data From C:\Users\NEW LAP/.crypto-checker/data.ser
Deserialized Data From C:\Users\NEW LAP/.crypto-checker/data.ser
Deserialized Data From C:\Users\NEW LAP/.crypto-checker/data.ser
Deserialized Data From C:\Users\NEW LAP/.crypto-checker/data.ser
Deserialized Data From C:\Users\NEW LAP/.crypto-checker/data.ser
Deserialized Data From C:\Users\NEW LAP/.crypto-checker/data.ser
Deserialized Data From C:\Users\NEW LAP/.crypto-checker/data.ser
Deserialized Data From C:\Users\NEW LAP/.crypto-checker/data.ser
Deserialized Data From C:\Users\NEW LAP/.crypto-checker/data.ser
Deserialized Data From C:\Users\NEW LAP/.crypto-checker/data.ser
Deserialized Data From C:\Users\NEW LAP/.crypto-checker/data.ser
Deserialized Data From C:\Users\NEW LAP/.crypto-checker/data.ser
Deserialized Data From C:\Users\NEW LAP/.crypto-checker/data.ser
Deserialized Data From C:\Users\NEW LAP/.crypto-checker/data.ser
Deserialized Data From C:\Users\NEW LAP/.crypto-checker/data.ser
Deserialized Data From C:\Users\NEW LAP/.crypto-checker/data.ser
[INFO] Tests run: 24, Failures: 0, Errors: 0, Skipped: 0, Time elapsed: 0.142 s -- in com.cryptochecker.CoinDataWhiteBoxTest
[INFO] Running com.cryptochecker.CurrencyConversionBlackBoxTest
Deserialized Data From C:\Users\NEW LAP/.crypto-checker/data.ser
Deserialized Converter From C:\Users\NEW LAP/.crypto-checker/converter.ser
Deserialized Data From C:\Users\NEW LAP/.crypto-checker/data.ser
Deserialized Converter From C:\Users\NEW LAP/.crypto-checker/converter.ser
Deserialized Data From C:\Users\NEW LAP/.crypto-checker/data.ser
Deserialized Converter From C:\Users\NEW LAP/.crypto-checker/converter.ser
[INFO] Tests run: 3, Failures: 0, Errors: 0, Skipped: 0, Time elapsed: 0.286 s -- in com.cryptochecker.CurrencyConversionBlackBoxTest
[INFO] Running com.cryptochecker.CurrencyConversionWhiteBoxTest
Deserialized Data From C:\Users\NEW LAP/.crypto-checker/data.ser
Deserialized Converter From C:\Users\NEW LAP/.crypto-checker/converter.ser
Deserialized Data From C:\Users\NEW LAP/.crypto-checker/data.ser
Deserialized Converter From C:\Users\NEW LAP/.crypto-checker/converter.ser
Deserialized Data From C:\Users\NEW LAP/.crypto-checker/data.ser
Deserialized Converter From C:\Users\NEW LAP/.crypto-checker/converter.ser
[INFO] Tests run: 3, Failures: 0, Errors: 0, Skipped: 0, Time elapsed: 0.019 s -- in com.cryptochecker.CurrencyConversionWhiteBoxTest
[INFO] Running com.cryptochecker.DataValidationBlackBoxTest
[INFO] Tests run: 5, Failures: 0, Errors: 0, Skipped: 0, Time elapsed: 0.001 s -- in com.cryptochecker.DataValidationBlackBoxTest
[INFO] Running com.cryptochecker.DataValidationWhiteBoxTest
Deserialized Data From C:\Users\NEW LAP/.crypto-checker/data.ser
Deserialized Data From C:\Users\NEW LAP/.crypto-checker/data.ser
Deserialized Data From C:\Users\NEW LAP/.crypto-checker/data.ser
Deserialized Data From C:\Users\NEW LAP/.crypto-checker/data.ser
Deserialized Data From C:\Users\NEW LAP/.crypto-checker/data.ser
[INFO] Tests run: 5, Failures: 0, Errors: 0, Skipped: 0, Time elapsed: 0.045 s -- in com.cryptochecker.DataValidationWhiteBoxTest
[INFO] Running com.cryptochecker.DebugWhiteBoxTest
Message 1
Message 2
Message 3
null
Test 1
Test 2

Test message

[INFO] Tests run: 8, Failures: 0, Errors: 0, Skipped: 0, Time elapsed: 0.020 s -- in com.cryptochecker.DebugWhiteBoxTest
[INFO] Running com.cryptochecker.MainWhiteBoxTest
[INFO] Tests run: 39, Failures: 0, Errors: 0, Skipped: 0, Time elapsed: 0.269 s -- in com.cryptochecker.MainWhiteBoxTest
[INFO] Running com.cryptochecker.MenuWhiteBoxTest
[INFO] Tests run: 7, Failures: 0, Errors: 0, Skipped: 0, Time elapsed: 0.768 s -- in com.cryptochecker.MenuWhiteBoxTest
[INFO] Running com.cryptochecker.PanelCoinWhiteBoxTest
[INFO] Tests run: 18, Failures: 0, Errors: 0, Skipped: 0, Time elapsed: 0.038 s -- in com.cryptochecker.PanelCoinWhiteBoxTest
[INFO] Running com.cryptochecker.PanelConverterWhiteBoxTest
[INFO] Tests run: 28, Failures: 0, Errors: 0, Skipped: 0, Time elapsed: 0.241 s -- in com.cryptochecker.PanelConverterWhiteBoxTest
[INFO] Running com.cryptochecker.PanelSettingsWhiteBoxTest
[INFO] Tests run: 11, Failures: 0, Errors: 0, Skipped: 0, Time elapsed: 0.257 s -- in com.cryptochecker.PanelSettingsWhiteBoxTest
[INFO] Running com.cryptochecker.PortfolioCalculationBlackBoxTest
[INFO] Tests run: 5, Failures: 0, Errors: 0, Skipped: 0, Time elapsed: 0.006 s -- in com.cryptochecker.PortfolioCalculationBlackBoxTest
[INFO] Running com.cryptochecker.PortfolioCalculationWhiteBoxTest
[INFO] Tests run: 20, Failures: 0, Errors: 0, Skipped: 0, Time elapsed: 0.064 s -- in com.cryptochecker.PortfolioCalculationWhiteBoxTest
[INFO] Running com.cryptochecker.ThemeManagementWhiteBoxTest
[INFO] Tests run: 4, Failures: 0, Errors: 0, Skipped: 0, Time elapsed: 0.001 s -- in com.cryptochecker.ThemeManagementWhiteBoxTest
[INFO] Running com.cryptochecker.WebDataWhiteBoxTest
[INFO] Tests run: 32, Failures: 0, Errors: 0, Skipped: 0, Time elapsed: 4.364 s -- in com.cryptochecker.WebDataWhiteBoxTest
[INFO] 
[INFO] Results:
[INFO] 
[INFO] Tests run: 212, Failures: 0, Errors: 0, Skipped: 0
[INFO] 
[INFO] 
[INFO] --- jacoco:0.8.7:report (report) @ crypto-checker ---
[INFO] Loading execution data file D:\Work\Learning\coourses\Y4S1\testing\proj\crypto-checker\crypto-checker\target\jacoco.exec
[INFO] Analyzed bundle 'crypto-checker' with 48 classes
[INFO] ------------------------------------------------------------------------
[INFO] BUILD SUCCESS
[INFO] ------------------------------------------------------------------------
[INFO] Total time:  8.608 s
[INFO] Finished at: 2025-12-06T07:19:11+02:00
[INFO] ------------------------------------------------------------------------
